[0.655s] Invoking command in '/home/vboxuser/PSO_final/src/PSO_pkg': PYTHONPATH=/home/vboxuser/PSO_final/build/PSO_pkg/prefix_override:/home/vboxuser/PSO_final/install/PSO_pkg/lib/python3.8/site-packages:${PYTHONPATH} /usr/bin/python3 setup.py egg_info --egg-base ../../build/PSO_pkg build --build-base /home/vboxuser/PSO_final/build/PSO_pkg/build install --record /home/vboxuser/PSO_final/build/PSO_pkg/install.log --install-scripts $base/lib/PSO_pkg --single-version-externally-managed
[0.861s] running egg_info
[0.865s] writing ../../build/PSO_pkg/PSO_pkg.egg-info/PKG-INFO
[0.865s] writing dependency_links to ../../build/PSO_pkg/PSO_pkg.egg-info/dependency_links.txt
[0.865s] writing entry points to ../../build/PSO_pkg/PSO_pkg.egg-info/entry_points.txt
[0.865s] writing requirements to ../../build/PSO_pkg/PSO_pkg.egg-info/requires.txt
[0.865s] writing top-level names to ../../build/PSO_pkg/PSO_pkg.egg-info/top_level.txt
[0.893s] reading manifest file '../../build/PSO_pkg/PSO_pkg.egg-info/SOURCES.txt'
[0.894s] writing manifest file '../../build/PSO_pkg/PSO_pkg.egg-info/SOURCES.txt'
[0.895s] running build
[0.895s] running build_py
[0.896s] copying PSO_pkg/Bot_1.py -> /home/vboxuser/PSO_final/build/PSO_pkg/build/lib/PSO_pkg
[0.896s] copying PSO_pkg/Drone.py -> /home/vboxuser/PSO_final/build/PSO_pkg/build/lib/PSO_pkg
[0.896s] running install
[0.897s] running install_lib
[0.898s] copying /home/vboxuser/PSO_final/build/PSO_pkg/build/lib/PSO_pkg/Bot_1.py -> /home/vboxuser/PSO_final/install/PSO_pkg/lib/python3.8/site-packages/PSO_pkg
[0.898s] copying /home/vboxuser/PSO_final/build/PSO_pkg/build/lib/PSO_pkg/Drone.py -> /home/vboxuser/PSO_final/install/PSO_pkg/lib/python3.8/site-packages/PSO_pkg
[0.899s] byte-compiling /home/vboxuser/PSO_final/install/PSO_pkg/lib/python3.8/site-packages/PSO_pkg/Bot_1.py to Bot_1.cpython-38.pyc
[0.900s] byte-compiling /home/vboxuser/PSO_final/install/PSO_pkg/lib/python3.8/site-packages/PSO_pkg/Drone.py to Drone.cpython-38.pyc
[0.901s] running install_data
[0.902s] running install_egg_info
[0.903s] removing '/home/vboxuser/PSO_final/install/PSO_pkg/lib/python3.8/site-packages/PSO_pkg-0.0.0-py3.8.egg-info' (and everything under it)
[0.903s] Copying ../../build/PSO_pkg/PSO_pkg.egg-info to /home/vboxuser/PSO_final/install/PSO_pkg/lib/python3.8/site-packages/PSO_pkg-0.0.0-py3.8.egg-info
[0.904s] running install_scripts
[0.920s] Installing Bot_1 script to /home/vboxuser/PSO_final/install/PSO_pkg/lib/PSO_pkg
[0.921s] Installing Bot_2 script to /home/vboxuser/PSO_final/install/PSO_pkg/lib/PSO_pkg
[0.921s] Installing Bot_3 script to /home/vboxuser/PSO_final/install/PSO_pkg/lib/PSO_pkg
[0.921s] Installing Bot_4 script to /home/vboxuser/PSO_final/install/PSO_pkg/lib/PSO_pkg
[0.921s] Installing Bot_5 script to /home/vboxuser/PSO_final/install/PSO_pkg/lib/PSO_pkg
[0.921s] Installing Drone script to /home/vboxuser/PSO_final/install/PSO_pkg/lib/PSO_pkg
[0.922s] writing list of installed files to '/home/vboxuser/PSO_final/build/PSO_pkg/install.log'
[0.950s] Invoked command in '/home/vboxuser/PSO_final/src/PSO_pkg' returned '0': PYTHONPATH=/home/vboxuser/PSO_final/build/PSO_pkg/prefix_override:/home/vboxuser/PSO_final/install/PSO_pkg/lib/python3.8/site-packages:${PYTHONPATH} /usr/bin/python3 setup.py egg_info --egg-base ../../build/PSO_pkg build --build-base /home/vboxuser/PSO_final/build/PSO_pkg/build install --record /home/vboxuser/PSO_final/build/PSO_pkg/install.log --install-scripts $base/lib/PSO_pkg --single-version-externally-managed
