/home/vboxuser/PSO_final/src/install/PSO_pkg/lib/python3.8/site-packages/PSO_pkg/Bot_3.py
/home/vboxuser/PSO_final/src/install/PSO_pkg/lib/python3.8/site-packages/PSO_pkg/Bot_4.py
/home/vboxuser/PSO_final/src/install/PSO_pkg/lib/python3.8/site-packages/PSO_pkg/Bot_2.py
/home/vboxuser/PSO_final/src/install/PSO_pkg/lib/python3.8/site-packages/PSO_pkg/__init__.py
/home/vboxuser/PSO_final/src/install/PSO_pkg/lib/python3.8/site-packages/PSO_pkg/Bot_1.py
/home/vboxuser/PSO_final/src/install/PSO_pkg/lib/python3.8/site-packages/PSO_pkg/Drone (copy).py
/home/vboxuser/PSO_final/src/install/PSO_pkg/lib/python3.8/site-packages/PSO_pkg/Drone.py
/home/vboxuser/PSO_final/src/install/PSO_pkg/lib/python3.8/site-packages/PSO_pkg/__pycache__/Bot_3.cpython-38.pyc
/home/vboxuser/PSO_final/src/install/PSO_pkg/lib/python3.8/site-packages/PSO_pkg/__pycache__/Bot_4.cpython-38.pyc
/home/vboxuser/PSO_final/src/install/PSO_pkg/lib/python3.8/site-packages/PSO_pkg/__pycache__/Bot_2.cpython-38.pyc
/home/vboxuser/PSO_final/src/install/PSO_pkg/lib/python3.8/site-packages/PSO_pkg/__pycache__/__init__.cpython-38.pyc
/home/vboxuser/PSO_final/src/install/PSO_pkg/lib/python3.8/site-packages/PSO_pkg/__pycache__/Bot_1.cpython-38.pyc
/home/vboxuser/PSO_final/src/install/PSO_pkg/lib/python3.8/site-packages/PSO_pkg/__pycache__/Drone (copy).cpython-38.pyc
/home/vboxuser/PSO_final/src/install/PSO_pkg/lib/python3.8/site-packages/PSO_pkg/__pycache__/Drone.cpython-38.pyc
/home/vboxuser/PSO_final/src/install/PSO_pkg/share/ament_index/resource_index/packages/PSO_pkg
/home/vboxuser/PSO_final/src/install/PSO_pkg/share/PSO_pkg/package.xml
/home/vboxuser/PSO_final/src/install/PSO_pkg/lib/python3.8/site-packages/PSO_pkg-0.0.0-py3.8.egg-info/SOURCES.txt
/home/vboxuser/PSO_final/src/install/PSO_pkg/lib/python3.8/site-packages/PSO_pkg-0.0.0-py3.8.egg-info/PKG-INFO
/home/vboxuser/PSO_final/src/install/PSO_pkg/lib/python3.8/site-packages/PSO_pkg-0.0.0-py3.8.egg-info/requires.txt
/home/vboxuser/PSO_final/src/install/PSO_pkg/lib/python3.8/site-packages/PSO_pkg-0.0.0-py3.8.egg-info/dependency_links.txt
/home/vboxuser/PSO_final/src/install/PSO_pkg/lib/python3.8/site-packages/PSO_pkg-0.0.0-py3.8.egg-info/top_level.txt
/home/vboxuser/PSO_final/src/install/PSO_pkg/lib/python3.8/site-packages/PSO_pkg-0.0.0-py3.8.egg-info/zip-safe
/home/vboxuser/PSO_final/src/install/PSO_pkg/lib/python3.8/site-packages/PSO_pkg-0.0.0-py3.8.egg-info/entry_points.txt
/home/vboxuser/PSO_final/src/install/PSO_pkg/lib/PSO_pkg/Bot_1
/home/vboxuser/PSO_final/src/install/PSO_pkg/lib/PSO_pkg/Bot_2
/home/vboxuser/PSO_final/src/install/PSO_pkg/lib/PSO_pkg/Bot_3
/home/vboxuser/PSO_final/src/install/PSO_pkg/lib/PSO_pkg/Bot_4
/home/vboxuser/PSO_final/src/install/PSO_pkg/lib/PSO_pkg/Drone
