running egg_info
creating ../../build/PSO_pkg/PSO_pkg.egg-info
writing ../../build/PSO_pkg/PSO_pkg.egg-info/PKG-INFO
writing dependency_links to ../../build/PSO_pkg/PSO_pkg.egg-info/dependency_links.txt
writing entry points to ../../build/PSO_pkg/PSO_pkg.egg-info/entry_points.txt
writing requirements to ../../build/PSO_pkg/PSO_pkg.egg-info/requires.txt
writing top-level names to ../../build/PSO_pkg/PSO_pkg.egg-info/top_level.txt
writing manifest file '../../build/PSO_pkg/PSO_pkg.egg-info/SOURCES.txt'
reading manifest file '../../build/PSO_pkg/PSO_pkg.egg-info/SOURCES.txt'
writing manifest file '../../build/PSO_pkg/PSO_pkg.egg-info/SOURCES.txt'
running build
running build_py
creating /home/vboxuser/PSO_final/build/PSO_pkg/build
creating /home/vboxuser/PSO_final/build/PSO_pkg/build/lib
creating /home/vboxuser/PSO_final/build/PSO_pkg/build/lib/PSO_pkg
copying PSO_pkg/Bot_3.py -> /home/vboxuser/PSO_final/build/PSO_pkg/build/lib/PSO_pkg
copying PSO_pkg/Bot_4.py -> /home/vboxuser/PSO_final/build/PSO_pkg/build/lib/PSO_pkg
copying PSO_pkg/Bot_2.py -> /home/vboxuser/PSO_final/build/PSO_pkg/build/lib/PSO_pkg
copying PSO_pkg/__init__.py -> /home/vboxuser/PSO_final/build/PSO_pkg/build/lib/PSO_pkg
copying PSO_pkg/Bot_1.py -> /home/vboxuser/PSO_final/build/PSO_pkg/build/lib/PSO_pkg
copying PSO_pkg/Drone (copy).py -> /home/vboxuser/PSO_final/build/PSO_pkg/build/lib/PSO_pkg
copying PSO_pkg/Drone.py -> /home/vboxuser/PSO_final/build/PSO_pkg/build/lib/PSO_pkg
running install
running install_lib
creating /home/vboxuser/PSO_final/install/PSO_pkg/lib/python3.8/site-packages/PSO_pkg
copying /home/vboxuser/PSO_final/build/PSO_pkg/build/lib/PSO_pkg/Bot_3.py -> /home/vboxuser/PSO_final/install/PSO_pkg/lib/python3.8/site-packages/PSO_pkg
copying /home/vboxuser/PSO_final/build/PSO_pkg/build/lib/PSO_pkg/Bot_4.py -> /home/vboxuser/PSO_final/install/PSO_pkg/lib/python3.8/site-packages/PSO_pkg
copying /home/vboxuser/PSO_final/build/PSO_pkg/build/lib/PSO_pkg/Bot_2.py -> /home/vboxuser/PSO_final/install/PSO_pkg/lib/python3.8/site-packages/PSO_pkg
copying /home/vboxuser/PSO_final/build/PSO_pkg/build/lib/PSO_pkg/__init__.py -> /home/vboxuser/PSO_final/install/PSO_pkg/lib/python3.8/site-packages/PSO_pkg
copying /home/vboxuser/PSO_final/build/PSO_pkg/build/lib/PSO_pkg/Bot_1.py -> /home/vboxuser/PSO_final/install/PSO_pkg/lib/python3.8/site-packages/PSO_pkg
copying /home/vboxuser/PSO_final/build/PSO_pkg/build/lib/PSO_pkg/Drone (copy).py -> /home/vboxuser/PSO_final/install/PSO_pkg/lib/python3.8/site-packages/PSO_pkg
copying /home/vboxuser/PSO_final/build/PSO_pkg/build/lib/PSO_pkg/Drone.py -> /home/vboxuser/PSO_final/install/PSO_pkg/lib/python3.8/site-packages/PSO_pkg
byte-compiling /home/vboxuser/PSO_final/install/PSO_pkg/lib/python3.8/site-packages/PSO_pkg/Bot_3.py to Bot_3.cpython-38.pyc
byte-compiling /home/vboxuser/PSO_final/install/PSO_pkg/lib/python3.8/site-packages/PSO_pkg/Bot_4.py to Bot_4.cpython-38.pyc
byte-compiling /home/vboxuser/PSO_final/install/PSO_pkg/lib/python3.8/site-packages/PSO_pkg/Bot_2.py to Bot_2.cpython-38.pyc
byte-compiling /home/vboxuser/PSO_final/install/PSO_pkg/lib/python3.8/site-packages/PSO_pkg/__init__.py to __init__.cpython-38.pyc
byte-compiling /home/vboxuser/PSO_final/install/PSO_pkg/lib/python3.8/site-packages/PSO_pkg/Bot_1.py to Bot_1.cpython-38.pyc
byte-compiling /home/vboxuser/PSO_final/install/PSO_pkg/lib/python3.8/site-packages/PSO_pkg/Drone (copy).py to Drone (copy).cpython-38.pyc
byte-compiling /home/vboxuser/PSO_final/install/PSO_pkg/lib/python3.8/site-packages/PSO_pkg/Drone.py to Drone.cpython-38.pyc
running install_data
creating /home/vboxuser/PSO_final/install/PSO_pkg/share/ament_index
creating /home/vboxuser/PSO_final/install/PSO_pkg/share/ament_index/resource_index
creating /home/vboxuser/PSO_final/install/PSO_pkg/share/ament_index/resource_index/packages
copying resource/PSO_pkg -> /home/vboxuser/PSO_final/install/PSO_pkg/share/ament_index/resource_index/packages
copying package.xml -> /home/vboxuser/PSO_final/install/PSO_pkg/share/PSO_pkg
running install_egg_info
Copying ../../build/PSO_pkg/PSO_pkg.egg-info to /home/vboxuser/PSO_final/install/PSO_pkg/lib/python3.8/site-packages/PSO_pkg-0.0.0-py3.8.egg-info
running install_scripts
Installing Bot_1 script to /home/vboxuser/PSO_final/install/PSO_pkg/lib/PSO_pkg
Installing Bot_2 script to /home/vboxuser/PSO_final/install/PSO_pkg/lib/PSO_pkg
Installing Bot_3 script to /home/vboxuser/PSO_final/install/PSO_pkg/lib/PSO_pkg
Installing Bot_4 script to /home/vboxuser/PSO_final/install/PSO_pkg/lib/PSO_pkg
Installing Drone script to /home/vboxuser/PSO_final/install/PSO_pkg/lib/PSO_pkg
writing list of installed files to '/home/vboxuser/PSO_final/build/PSO_pkg/install.log'
