[0.618s] DEBUG:colcon:Command line arguments: ['/usr/bin/colcon', 'build']
[0.618s] DEBUG:colcon:Parsed command line arguments: Namespace(allow_overriding=[], ament_cmake_args=None, base_paths=['.'], build_base='build', catkin_cmake_args=None, catkin_skip_building_tests=False, cmake_args=None, cmake_clean_cache=False, cmake_clean_first=False, cmake_force_configure=False, cmake_target=None, cmake_target_skip_unavailable=False, continue_on_error=False, event_handlers=None, executor='parallel', ignore_user_meta=False, install_base='install', log_base=None, log_level=None, main=<bound method BuildVerb.main of <colcon_core.verb.build.BuildVerb object at 0x7f00e47b08b0>>, merge_install=False, metas=['./colcon.meta'], packages_above=None, packages_above_and_dependencies=None, packages_above_depth=None, packages_end=None, packages_ignore=None, packages_ignore_regex=None, packages_select=None, packages_select_build_failed=False, packages_select_by_dep=None, packages_select_regex=None, packages_select_test_failures=False, packages_skip=None, packages_skip_build_finished=False, packages_skip_by_dep=None, packages_skip_regex=None, packages_skip_test_passed=False, packages_skip_up_to=None, packages_start=None, packages_up_to=None, packages_up_to_regex=None, parallel_workers=4, paths=None, symlink_install=False, test_result_base=None, verb_extension=<colcon_core.verb.build.BuildVerb object at 0x7f00e47b08b0>, verb_name='build', verb_parser=<colcon_defaults.argument_parser.defaults.DefaultArgumentsDecorator object at 0x7f00e47b0e20>)
[0.877s] Level 1:colcon.colcon_core.package_discovery:discover_packages(colcon_meta) check parameters
[0.877s] Level 1:colcon.colcon_core.package_discovery:discover_packages(recursive) check parameters
[0.877s] Level 1:colcon.colcon_core.package_discovery:discover_packages(ignore) check parameters
[0.877s] Level 1:colcon.colcon_core.package_discovery:discover_packages(path) check parameters
[0.878s] Level 1:colcon.colcon_core.package_discovery:discover_packages(colcon_meta) discover
[0.878s] Level 1:colcon.colcon_core.package_discovery:discover_packages(recursive) discover
[0.878s] INFO:colcon.colcon_core.package_discovery:Crawling recursively for packages in '/home/vboxuser/PSO_final/src'
[0.878s] Level 1:colcon.colcon_core.package_identification:_identify(.) by extensions ['ignore', 'ignore_ament_install']
[0.878s] Level 1:colcon.colcon_core.package_identification:_identify(.) by extension 'ignore'
[0.878s] Level 1:colcon.colcon_core.package_identification:_identify(.) by extension 'ignore_ament_install'
[0.878s] Level 1:colcon.colcon_core.package_identification:_identify(.) by extensions ['colcon_pkg']
[0.878s] Level 1:colcon.colcon_core.package_identification:_identify(.) by extension 'colcon_pkg'
[0.878s] Level 1:colcon.colcon_core.package_identification:_identify(.) by extensions ['colcon_meta']
[0.878s] Level 1:colcon.colcon_core.package_identification:_identify(.) by extension 'colcon_meta'
[0.878s] Level 1:colcon.colcon_core.package_identification:_identify(.) by extensions ['ros']
[0.878s] Level 1:colcon.colcon_core.package_identification:_identify(.) by extension 'ros'
[0.931s] Level 1:colcon.colcon_core.package_identification:_identify(.) by extensions ['cmake', 'python']
[0.931s] Level 1:colcon.colcon_core.package_identification:_identify(.) by extension 'cmake'
[0.931s] Level 1:colcon.colcon_core.package_identification:_identify(.) by extension 'python'
[0.931s] Level 1:colcon.colcon_core.package_identification:_identify(.) by extensions ['python_setup_py']
[0.931s] Level 1:colcon.colcon_core.package_identification:_identify(.) by extension 'python_setup_py'
[0.931s] Level 1:colcon.colcon_core.package_identification:_identify(PSO_pkg) by extensions ['ignore', 'ignore_ament_install']
[0.932s] Level 1:colcon.colcon_core.package_identification:_identify(PSO_pkg) by extension 'ignore'
[0.932s] Level 1:colcon.colcon_core.package_identification:_identify(PSO_pkg) by extension 'ignore_ament_install'
[0.932s] Level 1:colcon.colcon_core.package_identification:_identify(PSO_pkg) by extensions ['colcon_pkg']
[0.932s] Level 1:colcon.colcon_core.package_identification:_identify(PSO_pkg) by extension 'colcon_pkg'
[0.932s] Level 1:colcon.colcon_core.package_identification:_identify(PSO_pkg) by extensions ['colcon_meta']
[0.932s] Level 1:colcon.colcon_core.package_identification:_identify(PSO_pkg) by extension 'colcon_meta'
[0.932s] Level 1:colcon.colcon_core.package_identification:_identify(PSO_pkg) by extensions ['ros']
[0.932s] Level 1:colcon.colcon_core.package_identification:_identify(PSO_pkg) by extension 'ros'
[0.952s] DEBUG:colcon.colcon_core.package_identification:Package 'PSO_pkg' with type 'ros.ament_python' and name 'PSO_pkg'
[0.952s] Level 1:colcon.colcon_core.package_identification:_identify(build) by extensions ['ignore', 'ignore_ament_install']
[0.952s] Level 1:colcon.colcon_core.package_identification:_identify(build) by extension 'ignore'
[0.952s] Level 1:colcon.colcon_core.package_identification:_identify(build) ignored
[0.952s] Level 1:colcon.colcon_core.package_identification:_identify(install) by extensions ['ignore', 'ignore_ament_install']
[0.952s] Level 1:colcon.colcon_core.package_identification:_identify(install) by extension 'ignore'
[0.952s] Level 1:colcon.colcon_core.package_identification:_identify(install) ignored
[0.952s] Level 1:colcon.colcon_core.package_identification:_identify(log) by extensions ['ignore', 'ignore_ament_install']
[0.952s] Level 1:colcon.colcon_core.package_identification:_identify(log) by extension 'ignore'
[0.952s] Level 1:colcon.colcon_core.package_identification:_identify(log) ignored
[0.952s] Level 1:colcon.colcon_core.package_discovery:discover_packages(recursive) using defaults
[0.953s] Level 1:colcon.colcon_core.package_discovery:discover_packages(ignore) discover
[0.953s] Level 1:colcon.colcon_core.package_discovery:discover_packages(ignore) using defaults
[0.953s] Level 1:colcon.colcon_core.package_discovery:discover_packages(path) discover
[0.953s] Level 1:colcon.colcon_core.package_discovery:discover_packages(path) using defaults
[1.068s] Level 1:colcon.colcon_core.package_discovery:discover_packages(prefix_path) check parameters
[1.068s] Level 1:colcon.colcon_core.package_discovery:discover_packages(prefix_path) discover
[1.075s] DEBUG:colcon.colcon_installed_package_information.package_discovery:Found 297 installed packages in /opt/ros/foxy
[1.076s] Level 1:colcon.colcon_core.package_discovery:discover_packages(prefix_path) using defaults
[1.666s] Level 5:colcon.colcon_core.verb:set package 'PSO_pkg' build argument 'cmake_args' from command line to 'None'
[1.667s] Level 5:colcon.colcon_core.verb:set package 'PSO_pkg' build argument 'cmake_target' from command line to 'None'
[1.667s] Level 5:colcon.colcon_core.verb:set package 'PSO_pkg' build argument 'cmake_target_skip_unavailable' from command line to 'False'
[1.667s] Level 5:colcon.colcon_core.verb:set package 'PSO_pkg' build argument 'cmake_clean_cache' from command line to 'False'
[1.667s] Level 5:colcon.colcon_core.verb:set package 'PSO_pkg' build argument 'cmake_clean_first' from command line to 'False'
[1.667s] Level 5:colcon.colcon_core.verb:set package 'PSO_pkg' build argument 'cmake_force_configure' from command line to 'False'
[1.667s] Level 5:colcon.colcon_core.verb:set package 'PSO_pkg' build argument 'ament_cmake_args' from command line to 'None'
[1.667s] Level 5:colcon.colcon_core.verb:set package 'PSO_pkg' build argument 'catkin_cmake_args' from command line to 'None'
[1.667s] Level 5:colcon.colcon_core.verb:set package 'PSO_pkg' build argument 'catkin_skip_building_tests' from command line to 'False'
[1.667s] DEBUG:colcon.colcon_core.verb:Building package 'PSO_pkg' with the following arguments: {'ament_cmake_args': None, 'build_base': '/home/vboxuser/PSO_final/src/build/PSO_pkg', 'catkin_cmake_args': None, 'catkin_skip_building_tests': False, 'cmake_args': None, 'cmake_clean_cache': False, 'cmake_clean_first': False, 'cmake_force_configure': False, 'cmake_target': None, 'cmake_target_skip_unavailable': False, 'install_base': '/home/vboxuser/PSO_final/src/install/PSO_pkg', 'merge_install': False, 'path': '/home/vboxuser/PSO_final/src/PSO_pkg', 'symlink_install': False, 'test_result_base': None}
[1.667s] INFO:colcon.colcon_core.executor:Executing jobs using 'parallel' executor
[1.671s] DEBUG:colcon.colcon_parallel_executor.executor.parallel:run_until_complete
[1.671s] INFO:colcon.colcon_ros.task.ament_python.build:Building ROS package in '/home/vboxuser/PSO_final/src/PSO_pkg' with build type 'ament_python'
[1.671s] Level 1:colcon.colcon_core.shell:create_environment_hook('PSO_pkg', 'ament_prefix_path')
[1.721s] INFO:colcon.colcon_core.plugin_system:Skipping extension 'colcon_core.shell.bat': Not used on non-Windows systems
[1.721s] INFO:colcon.colcon_core.shell:Creating environment hook '/home/vboxuser/PSO_final/src/install/PSO_pkg/share/PSO_pkg/hook/ament_prefix_path.ps1'
[1.732s] INFO:colcon.colcon_core.shell:Creating environment descriptor '/home/vboxuser/PSO_final/src/install/PSO_pkg/share/PSO_pkg/hook/ament_prefix_path.dsv'
[1.736s] INFO:colcon.colcon_core.shell:Creating environment hook '/home/vboxuser/PSO_final/src/install/PSO_pkg/share/PSO_pkg/hook/ament_prefix_path.sh'
[1.738s] INFO:colcon.colcon_core.shell:Skip shell extension 'powershell' for command environment: Not usable outside of PowerShell
[1.738s] DEBUG:colcon.colcon_core.shell:Skip shell extension 'dsv' for command environment
[1.995s] INFO:colcon.colcon_core.task.python.build:Building Python package in '/home/vboxuser/PSO_final/src/PSO_pkg'
[1.997s] INFO:colcon.colcon_core.shell:Skip shell extension 'powershell' for command environment: Not usable outside of PowerShell
[1.997s] DEBUG:colcon.colcon_core.shell:Skip shell extension 'dsv' for command environment
[3.040s] DEBUG:colcon.colcon_core.event_handler.log_command:Invoking command in '/home/vboxuser/PSO_final/src/PSO_pkg': PYTHONPATH=/home/vboxuser/PSO_final/src/build/PSO_pkg/prefix_override:/home/vboxuser/PSO_final/src/install/PSO_pkg/lib/python3.8/site-packages:${PYTHONPATH} /usr/bin/python3 setup.py egg_info --egg-base ../build/PSO_pkg build --build-base /home/vboxuser/PSO_final/src/build/PSO_pkg/build install --record /home/vboxuser/PSO_final/src/build/PSO_pkg/install.log --install-scripts $base/lib/PSO_pkg --single-version-externally-managed
[3.505s] DEBUG:colcon.colcon_core.event_handler.log_command:Invoked command in '/home/vboxuser/PSO_final/src/PSO_pkg' returned '0': PYTHONPATH=/home/vboxuser/PSO_final/src/build/PSO_pkg/prefix_override:/home/vboxuser/PSO_final/src/install/PSO_pkg/lib/python3.8/site-packages:${PYTHONPATH} /usr/bin/python3 setup.py egg_info --egg-base ../build/PSO_pkg build --build-base /home/vboxuser/PSO_final/src/build/PSO_pkg/build install --record /home/vboxuser/PSO_final/src/build/PSO_pkg/install.log --install-scripts $base/lib/PSO_pkg --single-version-externally-managed
[3.526s] Level 1:colcon.colcon_core.environment:checking '/home/vboxuser/PSO_final/src/install/PSO_pkg' for CMake module files
[3.527s] Level 1:colcon.colcon_core.environment:checking '/home/vboxuser/PSO_final/src/install/PSO_pkg' for CMake config files
[3.527s] Level 1:colcon.colcon_core.environment:checking '/home/vboxuser/PSO_final/src/install/PSO_pkg/lib'
[3.527s] Level 1:colcon.colcon_core.environment:checking '/home/vboxuser/PSO_final/src/install/PSO_pkg/bin'
[3.527s] Level 1:colcon.colcon_core.environment:checking '/home/vboxuser/PSO_final/src/install/PSO_pkg/lib/pkgconfig/PSO_pkg.pc'
[3.528s] Level 1:colcon.colcon_core.environment:checking '/home/vboxuser/PSO_final/src/install/PSO_pkg/lib/python3.8/site-packages'
[3.528s] Level 1:colcon.colcon_core.shell:create_environment_hook('PSO_pkg', 'pythonpath')
[3.529s] INFO:colcon.colcon_core.shell:Creating environment hook '/home/vboxuser/PSO_final/src/install/PSO_pkg/share/PSO_pkg/hook/pythonpath.ps1'
[3.529s] INFO:colcon.colcon_core.shell:Creating environment descriptor '/home/vboxuser/PSO_final/src/install/PSO_pkg/share/PSO_pkg/hook/pythonpath.dsv'
[3.530s] INFO:colcon.colcon_core.shell:Creating environment hook '/home/vboxuser/PSO_final/src/install/PSO_pkg/share/PSO_pkg/hook/pythonpath.sh'
[3.530s] Level 1:colcon.colcon_core.environment:checking '/home/vboxuser/PSO_final/src/install/PSO_pkg/bin'
[3.530s] Level 1:colcon.colcon_core.environment:create_environment_scripts_only(PSO_pkg)
[3.531s] INFO:colcon.colcon_core.shell:Creating package script '/home/vboxuser/PSO_final/src/install/PSO_pkg/share/PSO_pkg/package.ps1'
[3.533s] INFO:colcon.colcon_core.shell:Creating package descriptor '/home/vboxuser/PSO_final/src/install/PSO_pkg/share/PSO_pkg/package.dsv'
[3.535s] INFO:colcon.colcon_core.shell:Creating package script '/home/vboxuser/PSO_final/src/install/PSO_pkg/share/PSO_pkg/package.sh'
[3.536s] INFO:colcon.colcon_core.shell:Creating package script '/home/vboxuser/PSO_final/src/install/PSO_pkg/share/PSO_pkg/package.bash'
[3.538s] INFO:colcon.colcon_core.shell:Creating package script '/home/vboxuser/PSO_final/src/install/PSO_pkg/share/PSO_pkg/package.zsh'
[3.550s] Level 1:colcon.colcon_core.environment:create_file_with_runtime_dependencies(/home/vboxuser/PSO_final/src/install/PSO_pkg/share/colcon-core/packages/PSO_pkg)
[3.551s] DEBUG:colcon.colcon_parallel_executor.executor.parallel:closing loop
[3.551s] DEBUG:colcon.colcon_parallel_executor.executor.parallel:loop closed
[3.552s] DEBUG:colcon.colcon_parallel_executor.executor.parallel:run_until_complete finished with '0'
[3.552s] DEBUG:colcon.colcon_core.event_reactor:joining thread
[3.566s] INFO:colcon.colcon_core.plugin_system:Skipping extension 'colcon_notification.desktop_notification.terminal_notifier': Not used on non-Darwin systems
[3.566s] INFO:colcon.colcon_core.plugin_system:Skipping extension 'colcon_notification.desktop_notification.win32': Not used on non-Windows systems
[3.566s] INFO:colcon.colcon_notification.desktop_notification:Sending desktop notification using 'notify2'
[3.755s] DEBUG:colcon.colcon_core.event_reactor:joined thread
[3.756s] INFO:colcon.colcon_core.shell:Creating prefix script '/home/vboxuser/PSO_final/src/install/local_setup.ps1'
[3.759s] INFO:colcon.colcon_core.shell:Creating prefix util module '/home/vboxuser/PSO_final/src/install/_local_setup_util_ps1.py'
[3.761s] INFO:colcon.colcon_core.shell:Creating prefix chain script '/home/vboxuser/PSO_final/src/install/setup.ps1'
[3.764s] INFO:colcon.colcon_core.shell:Creating prefix script '/home/vboxuser/PSO_final/src/install/local_setup.sh'
[3.765s] INFO:colcon.colcon_core.shell:Creating prefix util module '/home/vboxuser/PSO_final/src/install/_local_setup_util_sh.py'
[3.766s] INFO:colcon.colcon_core.shell:Creating prefix chain script '/home/vboxuser/PSO_final/src/install/setup.sh'
[3.769s] INFO:colcon.colcon_core.shell:Creating prefix script '/home/vboxuser/PSO_final/src/install/local_setup.bash'
[3.770s] INFO:colcon.colcon_core.shell:Creating prefix chain script '/home/vboxuser/PSO_final/src/install/setup.bash'
[3.772s] INFO:colcon.colcon_core.shell:Creating prefix script '/home/vboxuser/PSO_final/src/install/local_setup.zsh'
[3.774s] INFO:colcon.colcon_core.shell:Creating prefix chain script '/home/vboxuser/PSO_final/src/install/setup.zsh'
