[0.727s] Invoking command in '/home/vboxuser/PSO_final/src/PSO_pkg': PYTHONPATH=/home/vboxuser/PSO_final/build/PSO_pkg/prefix_override:/home/vboxuser/PSO_final/install/PSO_pkg/lib/python3.8/site-packages:${PYTHONPATH} /usr/bin/python3 setup.py egg_info --egg-base ../../build/PSO_pkg build --build-base /home/vboxuser/PSO_final/build/PSO_pkg/build install --record /home/vboxuser/PSO_final/build/PSO_pkg/install.log --install-scripts $base/lib/PSO_pkg --single-version-externally-managed
[0.977s] running egg_info
[0.988s] writing ../../build/PSO_pkg/PSO_pkg.egg-info/PKG-INFO
[0.989s] writing dependency_links to ../../build/PSO_pkg/PSO_pkg.egg-info/dependency_links.txt
[0.989s] writing entry points to ../../build/PSO_pkg/PSO_pkg.egg-info/entry_points.txt
[0.989s] writing requirements to ../../build/PSO_pkg/PSO_pkg.egg-info/requires.txt
[0.989s] writing top-level names to ../../build/PSO_pkg/PSO_pkg.egg-info/top_level.txt
[1.025s] reading manifest file '../../build/PSO_pkg/PSO_pkg.egg-info/SOURCES.txt'
[1.026s] writing manifest file '../../build/PSO_pkg/PSO_pkg.egg-info/SOURCES.txt'
[1.026s] running build
[1.026s] running build_py
[1.027s] copying PSO_pkg/Bot_1.py -> /home/vboxuser/PSO_final/build/PSO_pkg/build/lib/PSO_pkg
[1.027s] copying PSO_pkg/Drone.py -> /home/vboxuser/PSO_final/build/PSO_pkg/build/lib/PSO_pkg
[1.028s] running install
[1.028s] running install_lib
[1.029s] copying /home/vboxuser/PSO_final/build/PSO_pkg/build/lib/PSO_pkg/Bot_1.py -> /home/vboxuser/PSO_final/install/PSO_pkg/lib/python3.8/site-packages/PSO_pkg
[1.029s] copying /home/vboxuser/PSO_final/build/PSO_pkg/build/lib/PSO_pkg/Drone.py -> /home/vboxuser/PSO_final/install/PSO_pkg/lib/python3.8/site-packages/PSO_pkg
[1.030s] byte-compiling /home/vboxuser/PSO_final/install/PSO_pkg/lib/python3.8/site-packages/PSO_pkg/Bot_1.py to Bot_1.cpython-38.pyc
[1.040s] byte-compiling /home/vboxuser/PSO_final/install/PSO_pkg/lib/python3.8/site-packages/PSO_pkg/Drone.py to Drone.cpython-38.pyc
[1.040s] running install_data
[1.040s]   File "/home/vboxuser/PSO_final/install/PSO_pkg/lib/python3.8/site-packages/PSO_pkg/Drone.py", line 40
[1.041s]     def listener_callback(self, (msg,point)):
[1.041s]                                 ^
[1.041s] SyntaxError: invalid syntax
[1.041s] 
[1.041s] running install_egg_info
[1.044s] removing '/home/vboxuser/PSO_final/install/PSO_pkg/lib/python3.8/site-packages/PSO_pkg-0.0.0-py3.8.egg-info' (and everything under it)
[1.044s] Copying ../../build/PSO_pkg/PSO_pkg.egg-info to /home/vboxuser/PSO_final/install/PSO_pkg/lib/python3.8/site-packages/PSO_pkg-0.0.0-py3.8.egg-info
[1.045s] running install_scripts
[1.067s] Installing Bot_1 script to /home/vboxuser/PSO_final/install/PSO_pkg/lib/PSO_pkg
[1.067s] Installing Bot_2 script to /home/vboxuser/PSO_final/install/PSO_pkg/lib/PSO_pkg
[1.067s] Installing Bot_3 script to /home/vboxuser/PSO_final/install/PSO_pkg/lib/PSO_pkg
[1.067s] Installing Bot_4 script to /home/vboxuser/PSO_final/install/PSO_pkg/lib/PSO_pkg
[1.067s] Installing Bot_5 script to /home/vboxuser/PSO_final/install/PSO_pkg/lib/PSO_pkg
[1.067s] Installing Drone script to /home/vboxuser/PSO_final/install/PSO_pkg/lib/PSO_pkg
[1.067s] writing list of installed files to '/home/vboxuser/PSO_final/build/PSO_pkg/install.log'
[1.092s] Invoked command in '/home/vboxuser/PSO_final/src/PSO_pkg' returned '0': PYTHONPATH=/home/vboxuser/PSO_final/build/PSO_pkg/prefix_override:/home/vboxuser/PSO_final/install/PSO_pkg/lib/python3.8/site-packages:${PYTHONPATH} /usr/bin/python3 setup.py egg_info --egg-base ../../build/PSO_pkg build --build-base /home/vboxuser/PSO_final/build/PSO_pkg/build install --record /home/vboxuser/PSO_final/build/PSO_pkg/install.log --install-scripts $base/lib/PSO_pkg --single-version-externally-managed
