[1.367s] Invoking command in '/home/vboxuser/PSO_final/src/PSO_pkg': PYTHONPATH=/home/vboxuser/PSO_final/src/build/PSO_pkg/prefix_override:/home/vboxuser/PSO_final/src/install/PSO_pkg/lib/python3.8/site-packages:${PYTHONPATH} /usr/bin/python3 setup.py egg_info --egg-base ../build/PSO_pkg build --build-base /home/vboxuser/PSO_final/src/build/PSO_pkg/build install --record /home/vboxuser/PSO_final/src/build/PSO_pkg/install.log --install-scripts $base/lib/PSO_pkg --single-version-externally-managed
[1.716s] running egg_info
[1.717s] creating ../build/PSO_pkg/PSO_pkg.egg-info
[1.717s] writing ../build/PSO_pkg/PSO_pkg.egg-info/PKG-INFO
[1.717s] writing dependency_links to ../build/PSO_pkg/PSO_pkg.egg-info/dependency_links.txt
[1.718s] writing entry points to ../build/PSO_pkg/PSO_pkg.egg-info/entry_points.txt
[1.718s] writing requirements to ../build/PSO_pkg/PSO_pkg.egg-info/requires.txt
[1.718s] writing top-level names to ../build/PSO_pkg/PSO_pkg.egg-info/top_level.txt
[1.744s] writing manifest file '../build/PSO_pkg/PSO_pkg.egg-info/SOURCES.txt'
[1.774s] reading manifest file '../build/PSO_pkg/PSO_pkg.egg-info/SOURCES.txt'
[1.775s] writing manifest file '../build/PSO_pkg/PSO_pkg.egg-info/SOURCES.txt'
[1.775s] running build
[1.775s] running build_py
[1.775s] creating /home/vboxuser/PSO_final/src/build/PSO_pkg/build
[1.776s] creating /home/vboxuser/PSO_final/src/build/PSO_pkg/build/lib
[1.776s] creating /home/vboxuser/PSO_final/src/build/PSO_pkg/build/lib/PSO_pkg
[1.776s] copying PSO_pkg/Bot_3.py -> /home/vboxuser/PSO_final/src/build/PSO_pkg/build/lib/PSO_pkg
[1.776s] copying PSO_pkg/Bot_4.py -> /home/vboxuser/PSO_final/src/build/PSO_pkg/build/lib/PSO_pkg
[1.777s] copying PSO_pkg/Bot_2.py -> /home/vboxuser/PSO_final/src/build/PSO_pkg/build/lib/PSO_pkg
[1.777s] copying PSO_pkg/__init__.py -> /home/vboxuser/PSO_final/src/build/PSO_pkg/build/lib/PSO_pkg
[1.777s] copying PSO_pkg/Bot_1.py -> /home/vboxuser/PSO_final/src/build/PSO_pkg/build/lib/PSO_pkg
[1.777s] copying PSO_pkg/Drone (copy).py -> /home/vboxuser/PSO_final/src/build/PSO_pkg/build/lib/PSO_pkg
[1.778s] copying PSO_pkg/Drone.py -> /home/vboxuser/PSO_final/src/build/PSO_pkg/build/lib/PSO_pkg
[1.778s] running install
[1.779s] running install_lib
[1.780s] creating /home/vboxuser/PSO_final/src/install/PSO_pkg/lib/python3.8/site-packages/PSO_pkg
[1.780s] copying /home/vboxuser/PSO_final/src/build/PSO_pkg/build/lib/PSO_pkg/Bot_3.py -> /home/vboxuser/PSO_final/src/install/PSO_pkg/lib/python3.8/site-packages/PSO_pkg
[1.780s] copying /home/vboxuser/PSO_final/src/build/PSO_pkg/build/lib/PSO_pkg/Bot_4.py -> /home/vboxuser/PSO_final/src/install/PSO_pkg/lib/python3.8/site-packages/PSO_pkg
[1.780s] copying /home/vboxuser/PSO_final/src/build/PSO_pkg/build/lib/PSO_pkg/Bot_2.py -> /home/vboxuser/PSO_final/src/install/PSO_pkg/lib/python3.8/site-packages/PSO_pkg
[1.780s] copying /home/vboxuser/PSO_final/src/build/PSO_pkg/build/lib/PSO_pkg/__init__.py -> /home/vboxuser/PSO_final/src/install/PSO_pkg/lib/python3.8/site-packages/PSO_pkg
[1.780s] copying /home/vboxuser/PSO_final/src/build/PSO_pkg/build/lib/PSO_pkg/Bot_1.py -> /home/vboxuser/PSO_final/src/install/PSO_pkg/lib/python3.8/site-packages/PSO_pkg
[1.781s] copying /home/vboxuser/PSO_final/src/build/PSO_pkg/build/lib/PSO_pkg/Drone (copy).py -> /home/vboxuser/PSO_final/src/install/PSO_pkg/lib/python3.8/site-packages/PSO_pkg
[1.781s] copying /home/vboxuser/PSO_final/src/build/PSO_pkg/build/lib/PSO_pkg/Drone.py -> /home/vboxuser/PSO_final/src/install/PSO_pkg/lib/python3.8/site-packages/PSO_pkg
[1.781s] byte-compiling /home/vboxuser/PSO_final/src/install/PSO_pkg/lib/python3.8/site-packages/PSO_pkg/Bot_3.py to Bot_3.cpython-38.pyc
[1.783s] byte-compiling /home/vboxuser/PSO_final/src/install/PSO_pkg/lib/python3.8/site-packages/PSO_pkg/Bot_4.py to Bot_4.cpython-38.pyc
[1.783s] byte-compiling /home/vboxuser/PSO_final/src/install/PSO_pkg/lib/python3.8/site-packages/PSO_pkg/Bot_2.py to Bot_2.cpython-38.pyc
[1.784s] byte-compiling /home/vboxuser/PSO_final/src/install/PSO_pkg/lib/python3.8/site-packages/PSO_pkg/__init__.py to __init__.cpython-38.pyc
[1.784s] byte-compiling /home/vboxuser/PSO_final/src/install/PSO_pkg/lib/python3.8/site-packages/PSO_pkg/Bot_1.py to Bot_1.cpython-38.pyc
[1.784s] byte-compiling /home/vboxuser/PSO_final/src/install/PSO_pkg/lib/python3.8/site-packages/PSO_pkg/Drone (copy).py to Drone (copy).cpython-38.pyc
[1.784s] byte-compiling /home/vboxuser/PSO_final/src/install/PSO_pkg/lib/python3.8/site-packages/PSO_pkg/Drone.py to Drone.cpython-38.pyc
[1.787s] running install_data
[1.788s] creating /home/vboxuser/PSO_final/src/install/PSO_pkg/share/ament_index
[1.788s] creating /home/vboxuser/PSO_final/src/install/PSO_pkg/share/ament_index/resource_index
[1.788s] creating /home/vboxuser/PSO_final/src/install/PSO_pkg/share/ament_index/resource_index/packages
[1.788s] copying resource/PSO_pkg -> /home/vboxuser/PSO_final/src/install/PSO_pkg/share/ament_index/resource_index/packages
[1.788s] copying package.xml -> /home/vboxuser/PSO_final/src/install/PSO_pkg/share/PSO_pkg
[1.788s] running install_egg_info
[1.789s] Copying ../build/PSO_pkg/PSO_pkg.egg-info to /home/vboxuser/PSO_final/src/install/PSO_pkg/lib/python3.8/site-packages/PSO_pkg-0.0.0-py3.8.egg-info
[1.790s] running install_scripts
[1.806s] Installing Bot_1 script to /home/vboxuser/PSO_final/src/install/PSO_pkg/lib/PSO_pkg
[1.806s] Installing Bot_2 script to /home/vboxuser/PSO_final/src/install/PSO_pkg/lib/PSO_pkg
[1.807s] Installing Bot_3 script to /home/vboxuser/PSO_final/src/install/PSO_pkg/lib/PSO_pkg
[1.807s] Installing Bot_4 script to /home/vboxuser/PSO_final/src/install/PSO_pkg/lib/PSO_pkg
[1.807s] Installing Drone script to /home/vboxuser/PSO_final/src/install/PSO_pkg/lib/PSO_pkg
[1.807s] writing list of installed files to '/home/vboxuser/PSO_final/src/build/PSO_pkg/install.log'
[1.832s] Invoked command in '/home/vboxuser/PSO_final/src/PSO_pkg' returned '0': PYTHONPATH=/home/vboxuser/PSO_final/src/build/PSO_pkg/prefix_override:/home/vboxuser/PSO_final/src/install/PSO_pkg/lib/python3.8/site-packages:${PYTHONPATH} /usr/bin/python3 setup.py egg_info --egg-base ../build/PSO_pkg build --build-base /home/vboxuser/PSO_final/src/build/PSO_pkg/build install --record /home/vboxuser/PSO_final/src/build/PSO_pkg/install.log --install-scripts $base/lib/PSO_pkg --single-version-externally-managed
