[0.661s] Invoking command in '/home/vboxuser/PSO_final/src/PSO_pkg': PYTHONPATH=/home/vboxuser/PSO_final/build/PSO_pkg/prefix_override:/home/vboxuser/PSO_final/install/PSO_pkg/lib/python3.8/site-packages:${PYTHONPATH} /usr/bin/python3 setup.py egg_info --egg-base ../../build/PSO_pkg build --build-base /home/vboxuser/PSO_final/build/PSO_pkg/build install --record /home/vboxuser/PSO_final/build/PSO_pkg/install.log --install-scripts $base/lib/PSO_pkg --single-version-externally-managed
[0.857s] running egg_info
[0.858s] writing ../../build/PSO_pkg/PSO_pkg.egg-info/PKG-INFO
[0.858s] writing dependency_links to ../../build/PSO_pkg/PSO_pkg.egg-info/dependency_links.txt
[0.859s] writing entry points to ../../build/PSO_pkg/PSO_pkg.egg-info/entry_points.txt
[0.859s] writing requirements to ../../build/PSO_pkg/PSO_pkg.egg-info/requires.txt
[0.860s] writing top-level names to ../../build/PSO_pkg/PSO_pkg.egg-info/top_level.txt
[0.891s] reading manifest file '../../build/PSO_pkg/PSO_pkg.egg-info/SOURCES.txt'
[0.892s] writing manifest file '../../build/PSO_pkg/PSO_pkg.egg-info/SOURCES.txt'
[0.892s] running build
[0.892s] running build_py
[0.893s] copying PSO_pkg/Bot_1.py -> /home/vboxuser/PSO_final/build/PSO_pkg/build/lib/PSO_pkg
[0.893s] running install
[0.894s] running install_lib
[0.895s] copying /home/vboxuser/PSO_final/build/PSO_pkg/build/lib/PSO_pkg/Bot_1.py -> /home/vboxuser/PSO_final/install/PSO_pkg/lib/python3.8/site-packages/PSO_pkg
[0.896s] byte-compiling /home/vboxuser/PSO_final/install/PSO_pkg/lib/python3.8/site-packages/PSO_pkg/Bot_1.py to Bot_1.cpython-38.pyc
[0.898s] running install_data
[0.899s] running install_egg_info
[0.900s] removing '/home/vboxuser/PSO_final/install/PSO_pkg/lib/python3.8/site-packages/PSO_pkg-0.0.0-py3.8.egg-info' (and everything under it)
[0.901s] Copying ../../build/PSO_pkg/PSO_pkg.egg-info to /home/vboxuser/PSO_final/install/PSO_pkg/lib/python3.8/site-packages/PSO_pkg-0.0.0-py3.8.egg-info
[0.901s] running install_scripts
[0.917s] Installing Bot_1 script to /home/vboxuser/PSO_final/install/PSO_pkg/lib/PSO_pkg
[0.917s] Installing Bot_2 script to /home/vboxuser/PSO_final/install/PSO_pkg/lib/PSO_pkg
[0.917s] Installing Bot_3 script to /home/vboxuser/PSO_final/install/PSO_pkg/lib/PSO_pkg
[0.917s] Installing Bot_4 script to /home/vboxuser/PSO_final/install/PSO_pkg/lib/PSO_pkg
[0.918s] Installing Bot_5 script to /home/vboxuser/PSO_final/install/PSO_pkg/lib/PSO_pkg
[0.918s] Installing Drone script to /home/vboxuser/PSO_final/install/PSO_pkg/lib/PSO_pkg
[0.919s] writing list of installed files to '/home/vboxuser/PSO_final/build/PSO_pkg/install.log'
[0.945s] Invoked command in '/home/vboxuser/PSO_final/src/PSO_pkg' returned '0': PYTHONPATH=/home/vboxuser/PSO_final/build/PSO_pkg/prefix_override:/home/vboxuser/PSO_final/install/PSO_pkg/lib/python3.8/site-packages:${PYTHONPATH} /usr/bin/python3 setup.py egg_info --egg-base ../../build/PSO_pkg build --build-base /home/vboxuser/PSO_final/build/PSO_pkg/build install --record /home/vboxuser/PSO_final/build/PSO_pkg/install.log --install-scripts $base/lib/PSO_pkg --single-version-externally-managed
