[0.695s] Invoking command in '/home/vboxuser/PSO_final/src/PSO_pkg': PYTHONPATH=/home/vboxuser/PSO_final/build/PSO_pkg/prefix_override:/home/vboxuser/PSO_final/install/PSO_pkg/lib/python3.8/site-packages:${PYTHONPATH} /usr/bin/python3 setup.py egg_info --egg-base ../../build/PSO_pkg build --build-base /home/vboxuser/PSO_final/build/PSO_pkg/build install --record /home/vboxuser/PSO_final/build/PSO_pkg/install.log --install-scripts $base/lib/PSO_pkg --single-version-externally-managed
[0.899s] running egg_info
[0.900s] writing ../../build/PSO_pkg/PSO_pkg.egg-info/PKG-INFO
[0.901s] writing dependency_links to ../../build/PSO_pkg/PSO_pkg.egg-info/dependency_links.txt
[0.901s] writing entry points to ../../build/PSO_pkg/PSO_pkg.egg-info/entry_points.txt
[0.901s] writing requirements to ../../build/PSO_pkg/PSO_pkg.egg-info/requires.txt
[0.901s] writing top-level names to ../../build/PSO_pkg/PSO_pkg.egg-info/top_level.txt
[0.933s] reading manifest file '../../build/PSO_pkg/PSO_pkg.egg-info/SOURCES.txt'
[0.934s] writing manifest file '../../build/PSO_pkg/PSO_pkg.egg-info/SOURCES.txt'
[0.934s] running build
[0.934s] running build_py
[0.935s] copying PSO_pkg/Drone.py -> /home/vboxuser/PSO_final/build/PSO_pkg/build/lib/PSO_pkg
[1.062s] running install
[1.063s] running install_lib
[1.065s] copying /home/vboxuser/PSO_final/build/PSO_pkg/build/lib/PSO_pkg/Drone.py -> /home/vboxuser/PSO_final/install/PSO_pkg/lib/python3.8/site-packages/PSO_pkg
[1.067s] byte-compiling /home/vboxuser/PSO_final/install/PSO_pkg/lib/python3.8/site-packages/PSO_pkg/Agg.py to Agg.cpython-38.pyc
[1.068s] Sorry: TabError: inconsistent use of tabs and spaces in indentation (Agg.py, line 23)
[1.068s] byte-compiling /home/vboxuser/PSO_final/install/PSO_pkg/lib/python3.8/site-packages/PSO_pkg/Drone.py to Drone.cpython-38.pyc
[1.069s] running install_data
[1.070s] running install_egg_info
[1.071s] removing '/home/vboxuser/PSO_final/install/PSO_pkg/lib/python3.8/site-packages/PSO_pkg-0.0.0-py3.8.egg-info' (and everything under it)
[1.071s] Copying ../../build/PSO_pkg/PSO_pkg.egg-info to /home/vboxuser/PSO_final/install/PSO_pkg/lib/python3.8/site-packages/PSO_pkg-0.0.0-py3.8.egg-info
[1.072s] running install_scripts
[1.088s] Installing Drone script to /home/vboxuser/PSO_final/install/PSO_pkg/lib/PSO_pkg
[1.090s] Installing aggregator script to /home/vboxuser/PSO_final/install/PSO_pkg/lib/PSO_pkg
[1.090s] Installing bot_1 script to /home/vboxuser/PSO_final/install/PSO_pkg/lib/PSO_pkg
[1.090s] Installing bot_2 script to /home/vboxuser/PSO_final/install/PSO_pkg/lib/PSO_pkg
[1.090s] Installing bot_3 script to /home/vboxuser/PSO_final/install/PSO_pkg/lib/PSO_pkg
[1.091s] Installing bot_4 script to /home/vboxuser/PSO_final/install/PSO_pkg/lib/PSO_pkg
[1.091s] Installing bot_5 script to /home/vboxuser/PSO_final/install/PSO_pkg/lib/PSO_pkg
[1.091s] writing list of installed files to '/home/vboxuser/PSO_final/build/PSO_pkg/install.log'
[1.113s] Invoked command in '/home/vboxuser/PSO_final/src/PSO_pkg' returned '0': PYTHONPATH=/home/vboxuser/PSO_final/build/PSO_pkg/prefix_override:/home/vboxuser/PSO_final/install/PSO_pkg/lib/python3.8/site-packages:${PYTHONPATH} /usr/bin/python3 setup.py egg_info --egg-base ../../build/PSO_pkg build --build-base /home/vboxuser/PSO_final/build/PSO_pkg/build install --record /home/vboxuser/PSO_final/build/PSO_pkg/install.log --install-scripts $base/lib/PSO_pkg --single-version-externally-managed
